{"D:\\mycode\\ja-context-menu\\src\\ContextMenu.ts": {"path":"D:\\mycode\\ja-context-menu\\src\\ContextMenu.ts","all":false,"statementMap":{"0":{"start":{"line":1,"column":0},"end":{"line":1,"column":26}},"15":{"start":{"line":16,"column":0},"end":{"line":16,"column":34}},"17":{"start":{"line":18,"column":0},"end":{"line":18,"column":39}},"20":{"start":{"line":21,"column":0},"end":{"line":21,"column":47}},"21":{"start":{"line":22,"column":0},"end":{"line":22,"column":33}},"22":{"start":{"line":23,"column":0},"end":{"line":23,"column":46}},"23":{"start":{"line":24,"column":0},"end":{"line":24,"column":25}},"24":{"start":{"line":25,"column":0},"end":{"line":25,"column":31}},"25":{"start":{"line":26,"column":0},"end":{"line":26,"column":31}},"26":{"start":{"line":27,"column":0},"end":{"line":27,"column":6}},"27":{"start":{"line":28,"column":0},"end":{"line":28,"column":66}},"28":{"start":{"line":29,"column":0},"end":{"line":29,"column":52}},"29":{"start":{"line":30,"column":0},"end":{"line":30,"column":28}},"30":{"start":{"line":31,"column":0},"end":{"line":31,"column":5}},"31":{"start":{"line":32,"column":0},"end":{"line":32,"column":3}},"34":{"start":{"line":35,"column":0},"end":{"line":35,"column":35}},"36":{"start":{"line":37,"column":0},"end":{"line":37,"column":88}},"37":{"start":{"line":38,"column":0},"end":{"line":38,"column":3}},"41":{"start":{"line":42,"column":0},"end":{"line":42,"column":75}},"42":{"start":{"line":43,"column":0},"end":{"line":43,"column":37}},"43":{"start":{"line":44,"column":0},"end":{"line":44,"column":27}},"44":{"start":{"line":45,"column":0},"end":{"line":45,"column":48}},"46":{"start":{"line":47,"column":0},"end":{"line":47,"column":29}},"47":{"start":{"line":48,"column":0},"end":{"line":48,"column":80}},"49":{"start":{"line":50,"column":0},"end":{"line":50,"column":41}},"50":{"start":{"line":51,"column":0},"end":{"line":51,"column":57}},"51":{"start":{"line":52,"column":0},"end":{"line":52,"column":28}},"52":{"start":{"line":53,"column":0},"end":{"line":53,"column":18}},"53":{"start":{"line":54,"column":0},"end":{"line":54,"column":11}},"54":{"start":{"line":55,"column":0},"end":{"line":55,"column":9}},"55":{"start":{"line":56,"column":0},"end":{"line":56,"column":24}},"56":{"start":{"line":57,"column":0},"end":{"line":57,"column":22}},"57":{"start":{"line":58,"column":0},"end":{"line":58,"column":9}},"58":{"start":{"line":59,"column":0},"end":{"line":59,"column":7}},"59":{"start":{"line":60,"column":0},"end":{"line":60,"column":7}},"60":{"start":{"line":61,"column":0},"end":{"line":61,"column":3}},"62":{"start":{"line":63,"column":0},"end":{"line":63,"column":28}},"63":{"start":{"line":64,"column":0},"end":{"line":64,"column":45}},"64":{"start":{"line":65,"column":0},"end":{"line":65,"column":25}},"65":{"start":{"line":66,"column":0},"end":{"line":66,"column":7}},"66":{"start":{"line":67,"column":0},"end":{"line":67,"column":3}},"74":{"start":{"line":75,"column":0},"end":{"line":75,"column":74}},"75":{"start":{"line":76,"column":0},"end":{"line":76,"column":52}},"77":{"start":{"line":78,"column":0},"end":{"line":78,"column":28}},"78":{"start":{"line":79,"column":0},"end":{"line":79,"column":54}},"79":{"start":{"line":80,"column":0},"end":{"line":80,"column":5}},"81":{"start":{"line":82,"column":0},"end":{"line":82,"column":51}},"82":{"start":{"line":83,"column":0},"end":{"line":83,"column":36}},"83":{"start":{"line":84,"column":0},"end":{"line":84,"column":5}},"84":{"start":{"line":85,"column":0},"end":{"line":85,"column":43}},"85":{"start":{"line":86,"column":0},"end":{"line":86,"column":62}},"86":{"start":{"line":87,"column":0},"end":{"line":87,"column":5}},"88":{"start":{"line":89,"column":0},"end":{"line":89,"column":42}},"89":{"start":{"line":90,"column":0},"end":{"line":90,"column":35}},"90":{"start":{"line":91,"column":0},"end":{"line":91,"column":22}},"91":{"start":{"line":92,"column":0},"end":{"line":92,"column":45}},"92":{"start":{"line":93,"column":0},"end":{"line":93,"column":5}},"93":{"start":{"line":94,"column":0},"end":{"line":94,"column":12}},"94":{"start":{"line":95,"column":0},"end":{"line":95,"column":21}},"95":{"start":{"line":96,"column":0},"end":{"line":96,"column":78}},"96":{"start":{"line":97,"column":0},"end":{"line":97,"column":57}},"97":{"start":{"line":98,"column":0},"end":{"line":98,"column":41}},"98":{"start":{"line":99,"column":0},"end":{"line":99,"column":44}},"99":{"start":{"line":100,"column":0},"end":{"line":100,"column":6}},"100":{"start":{"line":101,"column":0},"end":{"line":101,"column":3}},"114":{"start":{"line":115,"column":0},"end":{"line":115,"column":85}},"115":{"start":{"line":116,"column":0},"end":{"line":116,"column":35}},"116":{"start":{"line":117,"column":0},"end":{"line":117,"column":18}},"117":{"start":{"line":118,"column":0},"end":{"line":118,"column":54}},"118":{"start":{"line":119,"column":0},"end":{"line":119,"column":6}},"119":{"start":{"line":120,"column":0},"end":{"line":120,"column":3}},"124":{"start":{"line":125,"column":0},"end":{"line":125,"column":68}},"125":{"start":{"line":126,"column":0},"end":{"line":126,"column":23}},"126":{"start":{"line":127,"column":0},"end":{"line":127,"column":40}},"127":{"start":{"line":128,"column":0},"end":{"line":128,"column":3}},"128":{"start":{"line":129,"column":0},"end":{"line":129,"column":17}},"129":{"start":{"line":130,"column":0},"end":{"line":130,"column":49}},"130":{"start":{"line":131,"column":0},"end":{"line":131,"column":3}},"131":{"start":{"line":132,"column":0},"end":{"line":132,"column":28}},"132":{"start":{"line":133,"column":0},"end":{"line":133,"column":19}},"133":{"start":{"line":134,"column":0},"end":{"line":134,"column":76}},"134":{"start":{"line":135,"column":0},"end":{"line":135,"column":3}},"135":{"start":{"line":136,"column":0},"end":{"line":136,"column":1}}},"s":{"0":1,"15":1,"17":1,"20":1,"21":16,"22":16,"23":16,"24":16,"25":16,"26":16,"27":16,"28":16,"29":16,"30":16,"31":16,"34":1,"36":16,"37":16,"41":1,"42":0,"43":0,"44":0,"46":0,"47":0,"49":0,"50":0,"51":0,"52":0,"53":0,"54":0,"55":0,"56":0,"57":0,"58":0,"59":0,"60":0,"62":1,"63":16,"64":0,"65":16,"66":16,"74":1,"75":17,"77":17,"78":16,"79":16,"81":17,"82":0,"83":0,"84":17,"85":0,"86":0,"88":17,"89":17,"90":17,"91":17,"92":17,"93":17,"94":17,"95":17,"96":17,"97":17,"98":17,"99":17,"100":17,"114":1,"115":0,"116":0,"117":0,"118":0,"119":0,"124":1,"125":16,"126":16,"127":16,"128":1,"129":16,"130":16,"131":1,"132":10,"133":10,"134":10,"135":1},"branchMap":{"0":{"type":"branch","line":21,"loc":{"start":{"line":21,"column":2},"end":{"line":32,"column":3}},"locations":[{"start":{"line":21,"column":2},"end":{"line":32,"column":3}}]},"1":{"type":"branch","line":35,"loc":{"start":{"line":35,"column":10},"end":{"line":38,"column":3}},"locations":[{"start":{"line":35,"column":10},"end":{"line":38,"column":3}}]},"2":{"type":"branch","line":63,"loc":{"start":{"line":63,"column":10},"end":{"line":67,"column":3}},"locations":[{"start":{"line":63,"column":10},"end":{"line":67,"column":3}}]},"3":{"type":"branch","line":75,"loc":{"start":{"line":75,"column":2},"end":{"line":101,"column":3}},"locations":[{"start":{"line":75,"column":2},"end":{"line":101,"column":3}}]},"4":{"type":"branch","line":78,"loc":{"start":{"line":78,"column":27},"end":{"line":80,"column":5}},"locations":[{"start":{"line":78,"column":27},"end":{"line":80,"column":5}}]},"5":{"type":"branch","line":82,"loc":{"start":{"line":82,"column":50},"end":{"line":84,"column":5}},"locations":[{"start":{"line":82,"column":50},"end":{"line":84,"column":5}}]},"6":{"type":"branch","line":85,"loc":{"start":{"line":85,"column":42},"end":{"line":87,"column":5}},"locations":[{"start":{"line":85,"column":42},"end":{"line":87,"column":5}}]},"7":{"type":"branch","line":96,"loc":{"start":{"line":96,"column":12},"end":{"line":96,"column":78}},"locations":[{"start":{"line":96,"column":12},"end":{"line":96,"column":78}}]},"8":{"type":"branch","line":99,"loc":{"start":{"line":99,"column":15},"end":{"line":99,"column":44}},"locations":[{"start":{"line":99,"column":15},"end":{"line":99,"column":44}}]},"9":{"type":"branch","line":125,"loc":{"start":{"line":125,"column":2},"end":{"line":128,"column":3}},"locations":[{"start":{"line":125,"column":2},"end":{"line":128,"column":3}}]},"10":{"type":"branch","line":129,"loc":{"start":{"line":129,"column":2},"end":{"line":131,"column":3}},"locations":[{"start":{"line":129,"column":2},"end":{"line":131,"column":3}}]},"11":{"type":"branch","line":130,"loc":{"start":{"line":130,"column":28},"end":{"line":130,"column":47}},"locations":[{"start":{"line":130,"column":28},"end":{"line":130,"column":47}}]},"12":{"type":"branch","line":132,"loc":{"start":{"line":132,"column":2},"end":{"line":135,"column":3}},"locations":[{"start":{"line":132,"column":2},"end":{"line":135,"column":3}}]},"13":{"type":"branch","line":134,"loc":{"start":{"line":134,"column":45},"end":{"line":134,"column":74}},"locations":[{"start":{"line":134,"column":45},"end":{"line":134,"column":74}}]}},"b":{"0":[16],"1":[16],"2":[16],"3":[17],"4":[16],"5":[0],"6":[0],"7":[16],"8":[10],"9":[16],"10":[16],"11":[18],"12":[10],"13":[10]},"fnMap":{"0":{"name":"ContextMenu","decl":{"start":{"line":21,"column":2},"end":{"line":32,"column":3}},"loc":{"start":{"line":21,"column":2},"end":{"line":32,"column":3}},"line":21},"1":{"name":"hideMenuEventListener","decl":{"start":{"line":35,"column":10},"end":{"line":38,"column":3}},"loc":{"start":{"line":35,"column":10},"end":{"line":38,"column":3}},"line":35},"2":{"name":"clickEventFunc","decl":{"start":{"line":42,"column":10},"end":{"line":61,"column":3}},"loc":{"start":{"line":42,"column":10},"end":{"line":61,"column":3}},"line":42},"3":{"name":"scrollListener","decl":{"start":{"line":63,"column":10},"end":{"line":67,"column":3}},"loc":{"start":{"line":63,"column":10},"end":{"line":67,"column":3}},"line":63},"4":{"name":"create","decl":{"start":{"line":75,"column":2},"end":{"line":101,"column":3}},"loc":{"start":{"line":75,"column":2},"end":{"line":101,"column":3}},"line":75},"5":{"name":"show","decl":{"start":{"line":96,"column":12},"end":{"line":96,"column":78}},"loc":{"start":{"line":96,"column":12},"end":{"line":96,"column":78}},"line":96},"6":{"name":"destroy","decl":{"start":{"line":99,"column":15},"end":{"line":99,"column":44}},"loc":{"start":{"line":99,"column":15},"end":{"line":99,"column":44}},"line":99},"7":{"name":"createAsync","decl":{"start":{"line":115,"column":2},"end":{"line":120,"column":3}},"loc":{"start":{"line":115,"column":2},"end":{"line":120,"column":3}},"line":115},"8":{"name":"showMenu","decl":{"start":{"line":125,"column":2},"end":{"line":128,"column":3}},"loc":{"start":{"line":125,"column":2},"end":{"line":128,"column":3}},"line":125},"9":{"name":"hideAllMenu","decl":{"start":{"line":129,"column":2},"end":{"line":131,"column":3}},"loc":{"start":{"line":129,"column":2},"end":{"line":131,"column":3}},"line":129},"10":{"name":"destroy","decl":{"start":{"line":132,"column":2},"end":{"line":135,"column":3}},"loc":{"start":{"line":132,"column":2},"end":{"line":135,"column":3}},"line":132}},"f":{"0":16,"1":16,"2":0,"3":16,"4":17,"5":16,"6":10,"7":0,"8":16,"9":16,"10":10}}
,"D:\\mycode\\ja-context-menu\\src\\Menu.ts": {"path":"D:\\mycode\\ja-context-menu\\src\\Menu.ts","all":false,"statementMap":{"0":{"start":{"line":1,"column":0},"end":{"line":1,"column":34}},"11":{"start":{"line":12,"column":0},"end":{"line":12,"column":50}},"20":{"start":{"line":21,"column":0},"end":{"line":21,"column":37}},"24":{"start":{"line":25,"column":0},"end":{"line":25,"column":88}},"25":{"start":{"line":26,"column":0},"end":{"line":26,"column":22}},"26":{"start":{"line":27,"column":0},"end":{"line":27,"column":66}},"28":{"start":{"line":29,"column":0},"end":{"line":29,"column":33}},"29":{"start":{"line":30,"column":0},"end":{"line":30,"column":34}},"30":{"start":{"line":31,"column":0},"end":{"line":31,"column":20}},"32":{"start":{"line":33,"column":0},"end":{"line":33,"column":3}},"33":{"start":{"line":34,"column":0},"end":{"line":34,"column":14}},"34":{"start":{"line":35,"column":0},"end":{"line":35,"column":23}},"35":{"start":{"line":36,"column":0},"end":{"line":36,"column":81}},"36":{"start":{"line":37,"column":0},"end":{"line":37,"column":40}},"37":{"start":{"line":38,"column":0},"end":{"line":38,"column":27}},"38":{"start":{"line":39,"column":0},"end":{"line":39,"column":28}},"39":{"start":{"line":40,"column":0},"end":{"line":40,"column":27}},"40":{"start":{"line":41,"column":0},"end":{"line":41,"column":8}},"41":{"start":{"line":42,"column":0},"end":{"line":42,"column":7}},"42":{"start":{"line":43,"column":0},"end":{"line":43,"column":34}},"43":{"start":{"line":44,"column":0},"end":{"line":44,"column":3}},"44":{"start":{"line":45,"column":0},"end":{"line":45,"column":20}},"45":{"start":{"line":46,"column":0},"end":{"line":46,"column":18}},"46":{"start":{"line":47,"column":0},"end":{"line":47,"column":41}},"47":{"start":{"line":48,"column":0},"end":{"line":48,"column":49}},"48":{"start":{"line":49,"column":0},"end":{"line":49,"column":5}},"49":{"start":{"line":50,"column":0},"end":{"line":50,"column":142}},"50":{"start":{"line":51,"column":0},"end":{"line":51,"column":3}},"51":{"start":{"line":52,"column":0},"end":{"line":52,"column":20}},"52":{"start":{"line":53,"column":0},"end":{"line":53,"column":49}},"53":{"start":{"line":54,"column":0},"end":{"line":54,"column":64}},"54":{"start":{"line":55,"column":0},"end":{"line":55,"column":5}},"55":{"start":{"line":56,"column":0},"end":{"line":56,"column":23}},"57":{"start":{"line":58,"column":0},"end":{"line":58,"column":37}},"58":{"start":{"line":59,"column":0},"end":{"line":59,"column":46}},"59":{"start":{"line":60,"column":0},"end":{"line":60,"column":26}},"60":{"start":{"line":61,"column":0},"end":{"line":61,"column":5}},"61":{"start":{"line":62,"column":0},"end":{"line":62,"column":40}},"63":{"start":{"line":64,"column":0},"end":{"line":64,"column":45}},"64":{"start":{"line":65,"column":0},"end":{"line":65,"column":58}},"65":{"start":{"line":66,"column":0},"end":{"line":66,"column":35}},"66":{"start":{"line":67,"column":0},"end":{"line":67,"column":39}},"67":{"start":{"line":68,"column":0},"end":{"line":68,"column":5}},"68":{"start":{"line":69,"column":0},"end":{"line":69,"column":3}},"72":{"start":{"line":73,"column":0},"end":{"line":73,"column":56}},"73":{"start":{"line":74,"column":0},"end":{"line":74,"column":34}},"74":{"start":{"line":75,"column":0},"end":{"line":75,"column":58}},"75":{"start":{"line":76,"column":0},"end":{"line":76,"column":3}},"81":{"start":{"line":82,"column":0},"end":{"line":82,"column":33}},"82":{"start":{"line":83,"column":0},"end":{"line":83,"column":27}},"83":{"start":{"line":84,"column":0},"end":{"line":84,"column":26}},"84":{"start":{"line":85,"column":0},"end":{"line":85,"column":66}},"85":{"start":{"line":86,"column":0},"end":{"line":86,"column":26}},"86":{"start":{"line":87,"column":0},"end":{"line":87,"column":26}},"87":{"start":{"line":88,"column":0},"end":{"line":88,"column":3}},"93":{"start":{"line":94,"column":0},"end":{"line":94,"column":57}},"94":{"start":{"line":95,"column":0},"end":{"line":95,"column":41}},"95":{"start":{"line":96,"column":0},"end":{"line":96,"column":23}},"97":{"start":{"line":98,"column":0},"end":{"line":98,"column":69}},"98":{"start":{"line":99,"column":0},"end":{"line":99,"column":26}},"99":{"start":{"line":100,"column":0},"end":{"line":100,"column":26}},"100":{"start":{"line":101,"column":0},"end":{"line":101,"column":5}},"101":{"start":{"line":102,"column":0},"end":{"line":102,"column":44}},"102":{"start":{"line":103,"column":0},"end":{"line":103,"column":3}},"104":{"start":{"line":105,"column":0},"end":{"line":105,"column":47}},"105":{"start":{"line":106,"column":0},"end":{"line":106,"column":82}},"106":{"start":{"line":107,"column":0},"end":{"line":107,"column":27}},"107":{"start":{"line":108,"column":0},"end":{"line":108,"column":36}},"108":{"start":{"line":109,"column":0},"end":{"line":109,"column":70}},"109":{"start":{"line":110,"column":0},"end":{"line":110,"column":22}},"110":{"start":{"line":111,"column":0},"end":{"line":111,"column":24}},"111":{"start":{"line":112,"column":0},"end":{"line":112,"column":35}},"112":{"start":{"line":113,"column":0},"end":{"line":113,"column":7}},"113":{"start":{"line":114,"column":0},"end":{"line":114,"column":7}},"114":{"start":{"line":115,"column":0},"end":{"line":115,"column":3}},"116":{"start":{"line":117,"column":0},"end":{"line":117,"column":20}},"117":{"start":{"line":118,"column":0},"end":{"line":118,"column":35}},"118":{"start":{"line":119,"column":0},"end":{"line":119,"column":63}},"119":{"start":{"line":120,"column":0},"end":{"line":120,"column":7}},"120":{"start":{"line":121,"column":0},"end":{"line":121,"column":3}},"124":{"start":{"line":125,"column":0},"end":{"line":125,"column":22}},"125":{"start":{"line":126,"column":0},"end":{"line":126,"column":39}},"126":{"start":{"line":127,"column":0},"end":{"line":127,"column":3}},"131":{"start":{"line":132,"column":0},"end":{"line":132,"column":21}},"132":{"start":{"line":133,"column":0},"end":{"line":133,"column":40}},"133":{"start":{"line":134,"column":0},"end":{"line":134,"column":68}},"134":{"start":{"line":135,"column":0},"end":{"line":135,"column":7}},"135":{"start":{"line":136,"column":0},"end":{"line":136,"column":3}},"137":{"start":{"line":138,"column":0},"end":{"line":138,"column":19}},"138":{"start":{"line":139,"column":0},"end":{"line":139,"column":29}},"139":{"start":{"line":140,"column":0},"end":{"line":140,"column":3}},"144":{"start":{"line":145,"column":0},"end":{"line":145,"column":10}},"145":{"start":{"line":146,"column":0},"end":{"line":146,"column":25}},"146":{"start":{"line":147,"column":0},"end":{"line":147,"column":17}},"147":{"start":{"line":148,"column":0},"end":{"line":148,"column":3}},"149":{"start":{"line":150,"column":0},"end":{"line":150,"column":13}},"150":{"start":{"line":151,"column":0},"end":{"line":151,"column":20}},"151":{"start":{"line":152,"column":0},"end":{"line":152,"column":27}},"152":{"start":{"line":153,"column":0},"end":{"line":153,"column":23}},"153":{"start":{"line":154,"column":0},"end":{"line":154,"column":29}},"154":{"start":{"line":155,"column":0},"end":{"line":155,"column":3}},"155":{"start":{"line":156,"column":0},"end":{"line":156,"column":1}}},"s":{"0":1,"11":1,"20":1,"24":1,"25":18,"26":18,"28":18,"29":18,"30":18,"32":18,"33":1,"34":18,"35":18,"36":18,"37":18,"38":0,"39":0,"40":0,"41":18,"42":18,"43":18,"44":1,"45":17,"46":17,"47":17,"48":17,"49":17,"50":17,"51":1,"52":17,"53":1,"54":1,"55":16,"57":16,"58":17,"59":0,"60":0,"61":17,"63":17,"64":18,"65":18,"66":18,"67":18,"68":17,"72":1,"73":16,"74":16,"75":16,"81":1,"82":17,"83":17,"84":17,"85":17,"86":17,"87":17,"93":1,"94":16,"95":16,"97":16,"98":16,"99":16,"100":16,"101":16,"102":16,"104":1,"105":37,"106":37,"107":208,"108":208,"109":0,"110":208,"111":107,"112":107,"113":37,"114":37,"116":1,"117":17,"118":0,"119":17,"120":17,"124":1,"125":18,"126":18,"131":1,"132":1,"133":1,"134":1,"135":1,"137":1,"138":19,"139":19,"144":1,"145":19,"146":19,"147":19,"149":1,"150":10,"151":10,"152":10,"153":10,"154":10,"155":1},"branchMap":{"0":{"type":"branch","line":25,"loc":{"start":{"line":25,"column":2},"end":{"line":33,"column":3}},"locations":[{"start":{"line":25,"column":2},"end":{"line":33,"column":3}}]},"1":{"type":"branch","line":27,"loc":{"start":{"line":27,"column":14},"end":{"line":27,"column":26}},"locations":[{"start":{"line":27,"column":14},"end":{"line":27,"column":26}}]},"2":{"type":"branch","line":27,"loc":{"start":{"line":27,"column":20},"end":{"line":27,"column":66}},"locations":[{"start":{"line":27,"column":20},"end":{"line":27,"column":66}}]},"3":{"type":"branch","line":30,"loc":{"start":{"line":30,"column":17},"end":{"line":30,"column":32}},"locations":[{"start":{"line":30,"column":17},"end":{"line":30,"column":32}}]},"4":{"type":"branch","line":30,"loc":{"start":{"line":30,"column":23},"end":{"line":30,"column":34}},"locations":[{"start":{"line":30,"column":23},"end":{"line":30,"column":34}}]},"5":{"type":"branch","line":34,"loc":{"start":{"line":34,"column":2},"end":{"line":44,"column":3}},"locations":[{"start":{"line":34,"column":2},"end":{"line":44,"column":3}}]},"6":{"type":"branch","line":45,"loc":{"start":{"line":45,"column":2},"end":{"line":51,"column":3}},"locations":[{"start":{"line":45,"column":2},"end":{"line":51,"column":3}}]},"7":{"type":"branch","line":52,"loc":{"start":{"line":52,"column":2},"end":{"line":69,"column":3}},"locations":[{"start":{"line":52,"column":2},"end":{"line":69,"column":3}}]},"8":{"type":"branch","line":53,"loc":{"start":{"line":53,"column":48},"end":{"line":55,"column":5}},"locations":[{"start":{"line":53,"column":48},"end":{"line":55,"column":5}}]},"9":{"type":"branch","line":55,"loc":{"start":{"line":55,"column":4},"end":{"line":59,"column":45}},"locations":[{"start":{"line":55,"column":4},"end":{"line":59,"column":45}}]},"10":{"type":"branch","line":59,"loc":{"start":{"line":59,"column":45},"end":{"line":61,"column":5}},"locations":[{"start":{"line":59,"column":45},"end":{"line":61,"column":5}}]},"11":{"type":"branch","line":61,"loc":{"start":{"line":61,"column":4},"end":{"line":62,"column":33}},"locations":[{"start":{"line":61,"column":4},"end":{"line":62,"column":33}}]},"12":{"type":"branch","line":62,"loc":{"start":{"line":62,"column":33},"end":{"line":62,"column":40}},"locations":[{"start":{"line":62,"column":33},"end":{"line":62,"column":40}}]},"13":{"type":"branch","line":62,"loc":{"start":{"line":62,"column":33},"end":{"line":64,"column":44}},"locations":[{"start":{"line":62,"column":33},"end":{"line":64,"column":44}}]},"14":{"type":"branch","line":64,"loc":{"start":{"line":64,"column":44},"end":{"line":68,"column":5}},"locations":[{"start":{"line":64,"column":44},"end":{"line":68,"column":5}}]},"15":{"type":"branch","line":68,"loc":{"start":{"line":68,"column":4},"end":{"line":68,"column":5}},"locations":[{"start":{"line":68,"column":4},"end":{"line":68,"column":5}}]},"16":{"type":"branch","line":73,"loc":{"start":{"line":73,"column":2},"end":{"line":76,"column":3}},"locations":[{"start":{"line":73,"column":2},"end":{"line":76,"column":3}}]},"17":{"type":"branch","line":82,"loc":{"start":{"line":82,"column":2},"end":{"line":88,"column":3}},"locations":[{"start":{"line":82,"column":2},"end":{"line":88,"column":3}}]},"18":{"type":"branch","line":94,"loc":{"start":{"line":94,"column":2},"end":{"line":103,"column":3}},"locations":[{"start":{"line":94,"column":2},"end":{"line":103,"column":3}}]},"19":{"type":"branch","line":105,"loc":{"start":{"line":105,"column":10},"end":{"line":115,"column":3}},"locations":[{"start":{"line":105,"column":10},"end":{"line":115,"column":3}}]},"20":{"type":"branch","line":107,"loc":{"start":{"line":107,"column":18},"end":{"line":114,"column":5}},"locations":[{"start":{"line":107,"column":18},"end":{"line":114,"column":5}}]},"21":{"type":"branch","line":109,"loc":{"start":{"line":109,"column":10},"end":{"line":109,"column":34}},"locations":[{"start":{"line":109,"column":10},"end":{"line":109,"column":34}}]},"22":{"type":"branch","line":109,"loc":{"start":{"line":109,"column":28},"end":{"line":109,"column":69}},"locations":[{"start":{"line":109,"column":28},"end":{"line":109,"column":69}}]},"23":{"type":"branch","line":109,"loc":{"start":{"line":109,"column":69},"end":{"line":111,"column":17}},"locations":[{"start":{"line":109,"column":69},"end":{"line":111,"column":17}}]},"24":{"type":"branch","line":111,"loc":{"start":{"line":111,"column":23},"end":{"line":113,"column":7}},"locations":[{"start":{"line":111,"column":23},"end":{"line":113,"column":7}}]},"25":{"type":"branch","line":117,"loc":{"start":{"line":117,"column":2},"end":{"line":121,"column":3}},"locations":[{"start":{"line":117,"column":2},"end":{"line":121,"column":3}}]},"26":{"type":"branch","line":125,"loc":{"start":{"line":125,"column":2},"end":{"line":127,"column":3}},"locations":[{"start":{"line":125,"column":2},"end":{"line":127,"column":3}}]},"27":{"type":"branch","line":132,"loc":{"start":{"line":132,"column":2},"end":{"line":136,"column":3}},"locations":[{"start":{"line":132,"column":2},"end":{"line":136,"column":3}}]},"28":{"type":"branch","line":133,"loc":{"start":{"line":133,"column":26},"end":{"line":135,"column":5}},"locations":[{"start":{"line":133,"column":26},"end":{"line":135,"column":5}}]},"29":{"type":"branch","line":138,"loc":{"start":{"line":138,"column":2},"end":{"line":140,"column":3}},"locations":[{"start":{"line":138,"column":2},"end":{"line":140,"column":3}}]},"30":{"type":"branch","line":145,"loc":{"start":{"line":145,"column":2},"end":{"line":148,"column":3}},"locations":[{"start":{"line":145,"column":2},"end":{"line":148,"column":3}}]},"31":{"type":"branch","line":150,"loc":{"start":{"line":150,"column":2},"end":{"line":155,"column":3}},"locations":[{"start":{"line":150,"column":2},"end":{"line":155,"column":3}}]}},"b":{"0":[18],"1":[1],"2":[17],"3":[1],"4":[17],"5":[18],"6":[17],"7":[17],"8":[1],"9":[16],"10":[0],"11":[16],"12":[0],"13":[16],"14":[18],"15":[16],"16":[16],"17":[17],"18":[16],"19":[37],"20":[208],"21":[133],"22":[6],"23":[0],"24":[107],"25":[17],"26":[18],"27":[1],"28":[1],"29":[19],"30":[19],"31":[10]},"fnMap":{"0":{"name":"Menu","decl":{"start":{"line":25,"column":2},"end":{"line":33,"column":3}},"loc":{"start":{"line":25,"column":2},"end":{"line":33,"column":3}},"line":25},"1":{"name":"createUl","decl":{"start":{"line":34,"column":2},"end":{"line":44,"column":3}},"loc":{"start":{"line":34,"column":2},"end":{"line":44,"column":3}},"line":34},"2":{"name":"onclick","decl":{"start":{"line":37,"column":15},"end":{"line":37,"column":40}},"loc":{"start":{"line":37,"column":15},"end":{"line":37,"column":40}},"line":37},"3":{"name":"oncontextmenu","decl":{"start":{"line":38,"column":21},"end":{"line":41,"column":8}},"loc":{"start":{"line":38,"column":21},"end":{"line":41,"column":8}},"line":38},"4":{"name":"updateMenuAttr","decl":{"start":{"line":45,"column":2},"end":{"line":51,"column":3}},"loc":{"start":{"line":45,"column":2},"end":{"line":51,"column":3}},"line":45},"5":{"name":"renderMenuItem","decl":{"start":{"line":52,"column":2},"end":{"line":69,"column":3}},"loc":{"start":{"line":52,"column":2},"end":{"line":69,"column":3}},"line":52},"6":{"name":"show","decl":{"start":{"line":73,"column":2},"end":{"line":76,"column":3}},"loc":{"start":{"line":73,"column":2},"end":{"line":76,"column":3}},"line":73},"7":{"name":"prepareMenuShow","decl":{"start":{"line":82,"column":2},"end":{"line":88,"column":3}},"loc":{"start":{"line":82,"column":2},"end":{"line":88,"column":3}},"line":82},"8":{"name":"calcPosition","decl":{"start":{"line":94,"column":2},"end":{"line":103,"column":3}},"loc":{"start":{"line":94,"column":2},"end":{"line":103,"column":3}},"line":94},"9":{"name":"closeMenus","decl":{"start":{"line":105,"column":10},"end":{"line":115,"column":3}},"loc":{"start":{"line":105,"column":10},"end":{"line":115,"column":3}},"line":105},"10":{"name":"removeAllHover","decl":{"start":{"line":117,"column":2},"end":{"line":121,"column":3}},"loc":{"start":{"line":117,"column":2},"end":{"line":121,"column":3}},"line":117},"11":{"name":"removeChildMenus","decl":{"start":{"line":125,"column":2},"end":{"line":127,"column":3}},"loc":{"start":{"line":125,"column":2},"end":{"line":127,"column":3}},"line":125},"12":{"name":"removeItemHover","decl":{"start":{"line":132,"column":2},"end":{"line":136,"column":3}},"loc":{"start":{"line":132,"column":2},"end":{"line":136,"column":3}},"line":132},"13":{"name":"closeAllMenus","decl":{"start":{"line":138,"column":2},"end":{"line":140,"column":3}},"loc":{"start":{"line":138,"column":2},"end":{"line":140,"column":3}},"line":138},"14":{"name":"hide","decl":{"start":{"line":145,"column":2},"end":{"line":148,"column":3}},"loc":{"start":{"line":145,"column":2},"end":{"line":148,"column":3}},"line":145},"15":{"name":"destroy","decl":{"start":{"line":150,"column":2},"end":{"line":155,"column":3}},"loc":{"start":{"line":150,"column":2},"end":{"line":155,"column":3}},"line":150}},"f":{"0":18,"1":18,"2":0,"3":0,"4":17,"5":17,"6":16,"7":17,"8":16,"9":37,"10":17,"11":18,"12":1,"13":19,"14":19,"15":10}}
,"D:\\mycode\\ja-context-menu\\src\\MenuItem.ts": {"path":"D:\\mycode\\ja-context-menu\\src\\MenuItem.ts","all":false,"statementMap":{"0":{"start":{"line":1,"column":0},"end":{"line":1,"column":26}},"9":{"start":{"line":10,"column":0},"end":{"line":10,"column":34}},"16":{"start":{"line":17,"column":0},"end":{"line":17,"column":76}},"18":{"start":{"line":19,"column":0},"end":{"line":19,"column":33}},"19":{"start":{"line":20,"column":0},"end":{"line":20,"column":23}},"20":{"start":{"line":21,"column":0},"end":{"line":21,"column":42}},"21":{"start":{"line":22,"column":0},"end":{"line":22,"column":16}},"22":{"start":{"line":23,"column":0},"end":{"line":23,"column":3}},"23":{"start":{"line":24,"column":0},"end":{"line":24,"column":10}},"24":{"start":{"line":25,"column":0},"end":{"line":25,"column":33}},"25":{"start":{"line":26,"column":0},"end":{"line":26,"column":52}},"26":{"start":{"line":27,"column":0},"end":{"line":27,"column":31}},"27":{"start":{"line":28,"column":0},"end":{"line":28,"column":12}},"28":{"start":{"line":29,"column":0},"end":{"line":29,"column":78}},"29":{"start":{"line":30,"column":0},"end":{"line":30,"column":78}},"30":{"start":{"line":31,"column":0},"end":{"line":31,"column":51}},"31":{"start":{"line":32,"column":0},"end":{"line":32,"column":98}},"33":{"start":{"line":34,"column":0},"end":{"line":34,"column":17}},"34":{"start":{"line":35,"column":0},"end":{"line":35,"column":22}},"35":{"start":{"line":36,"column":0},"end":{"line":36,"column":70}},"36":{"start":{"line":37,"column":0},"end":{"line":37,"column":120}},"37":{"start":{"line":38,"column":0},"end":{"line":38,"column":7}},"38":{"start":{"line":39,"column":0},"end":{"line":39,"column":51}},"39":{"start":{"line":40,"column":0},"end":{"line":40,"column":80}},"40":{"start":{"line":41,"column":0},"end":{"line":41,"column":22}},"41":{"start":{"line":42,"column":0},"end":{"line":42,"column":86}},"42":{"start":{"line":43,"column":0},"end":{"line":43,"column":7}},"44":{"start":{"line":45,"column":0},"end":{"line":45,"column":18}},"45":{"start":{"line":46,"column":0},"end":{"line":46,"column":13}},"46":{"start":{"line":47,"column":0},"end":{"line":47,"column":9}},"47":{"start":{"line":48,"column":0},"end":{"line":48,"column":18}},"48":{"start":{"line":49,"column":0},"end":{"line":49,"column":40}},"49":{"start":{"line":50,"column":0},"end":{"line":50,"column":12}},"50":{"start":{"line":51,"column":0},"end":{"line":51,"column":33}},"51":{"start":{"line":52,"column":0},"end":{"line":52,"column":25}},"52":{"start":{"line":53,"column":0},"end":{"line":53,"column":30}},"53":{"start":{"line":54,"column":0},"end":{"line":54,"column":70}},"54":{"start":{"line":55,"column":0},"end":{"line":55,"column":75}},"55":{"start":{"line":56,"column":0},"end":{"line":56,"column":13}},"56":{"start":{"line":57,"column":0},"end":{"line":57,"column":12}},"57":{"start":{"line":58,"column":0},"end":{"line":58,"column":30}},"58":{"start":{"line":59,"column":0},"end":{"line":59,"column":63}},"59":{"start":{"line":60,"column":0},"end":{"line":60,"column":32}},"60":{"start":{"line":61,"column":0},"end":{"line":61,"column":36}},"61":{"start":{"line":62,"column":0},"end":{"line":62,"column":13}},"62":{"start":{"line":63,"column":0},"end":{"line":63,"column":12}},"63":{"start":{"line":64,"column":0},"end":{"line":64,"column":10}},"64":{"start":{"line":65,"column":0},"end":{"line":65,"column":9}},"65":{"start":{"line":66,"column":0},"end":{"line":66,"column":17}},"66":{"start":{"line":67,"column":0},"end":{"line":67,"column":67}},"67":{"start":{"line":68,"column":0},"end":{"line":68,"column":39}},"68":{"start":{"line":69,"column":0},"end":{"line":69,"column":77}},"69":{"start":{"line":70,"column":0},"end":{"line":70,"column":15}},"70":{"start":{"line":71,"column":0},"end":{"line":71,"column":95}},"71":{"start":{"line":72,"column":0},"end":{"line":72,"column":64}},"72":{"start":{"line":73,"column":0},"end":{"line":73,"column":10}},"73":{"start":{"line":74,"column":0},"end":{"line":74,"column":8}},"74":{"start":{"line":75,"column":0},"end":{"line":75,"column":5}},"75":{"start":{"line":76,"column":0},"end":{"line":76,"column":24}},"77":{"start":{"line":78,"column":0},"end":{"line":78,"column":33}},"78":{"start":{"line":79,"column":0},"end":{"line":79,"column":52}},"79":{"start":{"line":80,"column":0},"end":{"line":80,"column":7}},"81":{"start":{"line":82,"column":0},"end":{"line":82,"column":73}},"82":{"start":{"line":83,"column":0},"end":{"line":83,"column":72}},"83":{"start":{"line":84,"column":0},"end":{"line":84,"column":7}},"84":{"start":{"line":85,"column":0},"end":{"line":85,"column":98}},"85":{"start":{"line":86,"column":0},"end":{"line":86,"column":5}},"86":{"start":{"line":87,"column":0},"end":{"line":87,"column":3}},"88":{"start":{"line":89,"column":0},"end":{"line":89,"column":32}},"89":{"start":{"line":90,"column":0},"end":{"line":90,"column":43}},"90":{"start":{"line":91,"column":0},"end":{"line":91,"column":30}},"92":{"start":{"line":93,"column":0},"end":{"line":93,"column":60}},"93":{"start":{"line":94,"column":0},"end":{"line":94,"column":78}},"94":{"start":{"line":95,"column":0},"end":{"line":95,"column":44}},"95":{"start":{"line":96,"column":0},"end":{"line":96,"column":5}},"96":{"start":{"line":97,"column":0},"end":{"line":97,"column":44}},"97":{"start":{"line":98,"column":0},"end":{"line":98,"column":85}},"98":{"start":{"line":99,"column":0},"end":{"line":99,"column":59}},"99":{"start":{"line":100,"column":0},"end":{"line":100,"column":48}},"100":{"start":{"line":101,"column":0},"end":{"line":101,"column":3}},"105":{"start":{"line":106,"column":0},"end":{"line":106,"column":18}},"106":{"start":{"line":107,"column":0},"end":{"line":107,"column":39}},"107":{"start":{"line":108,"column":0},"end":{"line":108,"column":43}},"108":{"start":{"line":109,"column":0},"end":{"line":109,"column":30}},"109":{"start":{"line":110,"column":0},"end":{"line":110,"column":77}},"110":{"start":{"line":111,"column":0},"end":{"line":111,"column":55}},"111":{"start":{"line":112,"column":0},"end":{"line":112,"column":61}},"112":{"start":{"line":113,"column":0},"end":{"line":113,"column":59}},"113":{"start":{"line":114,"column":0},"end":{"line":114,"column":48}},"114":{"start":{"line":115,"column":0},"end":{"line":115,"column":29}},"116":{"start":{"line":117,"column":0},"end":{"line":117,"column":66}},"117":{"start":{"line":118,"column":0},"end":{"line":118,"column":40}},"118":{"start":{"line":119,"column":0},"end":{"line":119,"column":5}},"119":{"start":{"line":120,"column":0},"end":{"line":120,"column":43}},"120":{"start":{"line":121,"column":0},"end":{"line":121,"column":12}},"122":{"start":{"line":123,"column":0},"end":{"line":123,"column":58}},"123":{"start":{"line":124,"column":0},"end":{"line":124,"column":43}},"124":{"start":{"line":125,"column":0},"end":{"line":125,"column":68}},"127":{"start":{"line":128,"column":0},"end":{"line":128,"column":42}},"131":{"start":{"line":132,"column":0},"end":{"line":132,"column":5}},"134":{"start":{"line":135,"column":0},"end":{"line":135,"column":38}},"135":{"start":{"line":136,"column":0},"end":{"line":136,"column":39}},"136":{"start":{"line":137,"column":0},"end":{"line":137,"column":3}},"138":{"start":{"line":139,"column":0},"end":{"line":139,"column":24}},"139":{"start":{"line":140,"column":0},"end":{"line":140,"column":40}},"140":{"start":{"line":141,"column":0},"end":{"line":141,"column":39}},"141":{"start":{"line":142,"column":0},"end":{"line":142,"column":3}},"142":{"start":{"line":143,"column":0},"end":{"line":143,"column":1}}},"s":{"0":1,"9":1,"16":1,"18":18,"19":18,"20":18,"21":18,"22":18,"23":1,"24":18,"25":18,"26":1,"27":18,"28":17,"29":17,"30":17,"31":17,"33":17,"34":17,"35":1,"36":1,"37":1,"38":17,"39":17,"40":17,"41":0,"42":0,"44":17,"45":17,"46":17,"47":17,"48":17,"49":17,"50":17,"51":17,"52":0,"53":0,"54":0,"55":0,"56":0,"57":17,"58":1,"59":1,"60":1,"61":1,"62":1,"63":17,"64":17,"65":17,"66":17,"67":17,"68":17,"69":17,"70":17,"71":17,"72":17,"73":17,"74":17,"75":18,"77":1,"78":1,"79":1,"81":1,"82":1,"83":1,"84":1,"85":1,"86":18,"88":1,"89":1,"90":1,"92":1,"93":1,"94":1,"95":1,"96":1,"97":1,"98":1,"99":1,"100":1,"105":1,"106":1,"107":1,"108":1,"109":1,"110":1,"111":1,"112":1,"113":1,"114":1,"116":1,"117":0,"118":0,"119":1,"120":0,"122":0,"123":0,"124":1,"127":0,"131":0,"134":1,"135":1,"136":1,"138":1,"139":1,"140":1,"141":1,"142":1},"branchMap":{"0":{"type":"branch","line":17,"loc":{"start":{"line":17,"column":2},"end":{"line":23,"column":3}},"locations":[{"start":{"line":17,"column":2},"end":{"line":23,"column":3}}]},"1":{"type":"branch","line":24,"loc":{"start":{"line":24,"column":2},"end":{"line":87,"column":3}},"locations":[{"start":{"line":24,"column":2},"end":{"line":87,"column":3}}]},"2":{"type":"branch","line":26,"loc":{"start":{"line":26,"column":22},"end":{"line":26,"column":51}},"locations":[{"start":{"line":26,"column":22},"end":{"line":26,"column":51}}]},"3":{"type":"branch","line":26,"loc":{"start":{"line":26,"column":51},"end":{"line":28,"column":11}},"locations":[{"start":{"line":26,"column":51},"end":{"line":28,"column":11}}]},"4":{"type":"branch","line":28,"loc":{"start":{"line":28,"column":4},"end":{"line":75,"column":5}},"locations":[{"start":{"line":28,"column":4},"end":{"line":75,"column":5}}]},"5":{"type":"branch","line":31,"loc":{"start":{"line":31,"column":22},"end":{"line":31,"column":51}},"locations":[{"start":{"line":31,"column":22},"end":{"line":31,"column":51}}]},"6":{"type":"branch","line":32,"loc":{"start":{"line":32,"column":33},"end":{"line":32,"column":49}},"locations":[{"start":{"line":32,"column":33},"end":{"line":32,"column":49}}]},"7":{"type":"branch","line":32,"loc":{"start":{"line":32,"column":42},"end":{"line":32,"column":98}},"locations":[{"start":{"line":32,"column":42},"end":{"line":32,"column":98}}]},"8":{"type":"branch","line":35,"loc":{"start":{"line":35,"column":21},"end":{"line":38,"column":7}},"locations":[{"start":{"line":35,"column":21},"end":{"line":38,"column":7}}]},"9":{"type":"branch","line":37,"loc":{"start":{"line":37,"column":33},"end":{"line":37,"column":81}},"locations":[{"start":{"line":37,"column":33},"end":{"line":37,"column":81}}]},"10":{"type":"branch","line":41,"loc":{"start":{"line":41,"column":21},"end":{"line":43,"column":7}},"locations":[{"start":{"line":41,"column":21},"end":{"line":43,"column":7}}]},"11":{"type":"branch","line":49,"loc":{"start":{"line":49,"column":21},"end":{"line":49,"column":33}},"locations":[{"start":{"line":49,"column":21},"end":{"line":49,"column":33}}]},"12":{"type":"branch","line":49,"loc":{"start":{"line":49,"column":28},"end":{"line":49,"column":40}},"locations":[{"start":{"line":49,"column":28},"end":{"line":49,"column":40}}]},"13":{"type":"branch","line":71,"loc":{"start":{"line":71,"column":15},"end":{"line":71,"column":95}},"locations":[{"start":{"line":71,"column":15},"end":{"line":71,"column":95}}]},"14":{"type":"branch","line":72,"loc":{"start":{"line":72,"column":15},"end":{"line":72,"column":64}},"locations":[{"start":{"line":72,"column":15},"end":{"line":72,"column":64}}]},"15":{"type":"branch","line":76,"loc":{"start":{"line":76,"column":23},"end":{"line":86,"column":5}},"locations":[{"start":{"line":76,"column":23},"end":{"line":86,"column":5}}]},"16":{"type":"branch","line":58,"loc":{"start":{"line":58,"column":24},"end":{"line":63,"column":12}},"locations":[{"start":{"line":58,"column":24},"end":{"line":63,"column":12}}]},"17":{"type":"branch","line":89,"loc":{"start":{"line":89,"column":2},"end":{"line":101,"column":3}},"locations":[{"start":{"line":89,"column":2},"end":{"line":101,"column":3}}]},"18":{"type":"branch","line":91,"loc":{"start":{"line":91,"column":23},"end":{"line":91,"column":30}},"locations":[{"start":{"line":91,"column":23},"end":{"line":91,"column":30}}]},"19":{"type":"branch","line":106,"loc":{"start":{"line":106,"column":2},"end":{"line":137,"column":3}},"locations":[{"start":{"line":106,"column":2},"end":{"line":137,"column":3}}]},"20":{"type":"branch","line":109,"loc":{"start":{"line":109,"column":23},"end":{"line":109,"column":30}},"locations":[{"start":{"line":109,"column":23},"end":{"line":109,"column":30}}]},"21":{"type":"branch","line":113,"loc":{"start":{"line":113,"column":38},"end":{"line":113,"column":59}},"locations":[{"start":{"line":113,"column":38},"end":{"line":113,"column":59}}]},"22":{"type":"branch","line":117,"loc":{"start":{"line":117,"column":65},"end":{"line":119,"column":5}},"locations":[{"start":{"line":117,"column":65},"end":{"line":119,"column":5}}]},"23":{"type":"branch","line":120,"loc":{"start":{"line":120,"column":42},"end":{"line":125,"column":15}},"locations":[{"start":{"line":120,"column":42},"end":{"line":125,"column":15}}]},"24":{"type":"branch","line":125,"loc":{"start":{"line":125,"column":67},"end":{"line":132,"column":5}},"locations":[{"start":{"line":125,"column":67},"end":{"line":132,"column":5}}]},"25":{"type":"branch","line":139,"loc":{"start":{"line":139,"column":2},"end":{"line":142,"column":3}},"locations":[{"start":{"line":139,"column":2},"end":{"line":142,"column":3}}]}},"b":{"0":[18],"1":[18],"2":[17],"3":[1],"4":[17],"5":[1],"6":[16],"7":[1],"8":[1],"9":[0],"10":[0],"11":[16],"12":[1],"13":[1],"14":[1],"15":[1],"16":[1],"17":[1],"18":[0],"19":[1],"20":[0],"21":[0],"22":[0],"23":[0],"24":[0],"25":[1]},"fnMap":{"0":{"name":"MenuItem","decl":{"start":{"line":17,"column":2},"end":{"line":23,"column":3}},"loc":{"start":{"line":17,"column":2},"end":{"line":23,"column":3}},"line":17},"1":{"name":"init","decl":{"start":{"line":24,"column":2},"end":{"line":87,"column":3}},"loc":{"start":{"line":24,"column":2},"end":{"line":87,"column":3}},"line":24},"2":{"name":"onclick","decl":{"start":{"line":52,"column":19},"end":{"line":57,"column":12}},"loc":{"start":{"line":52,"column":19},"end":{"line":57,"column":12}},"line":52},"3":{"name":"onmouseenter","decl":{"start":{"line":58,"column":24},"end":{"line":63,"column":12}},"loc":{"start":{"line":58,"column":24},"end":{"line":63,"column":12}},"line":58},"4":{"name":"showChildMenu","decl":{"start":{"line":89,"column":2},"end":{"line":101,"column":3}},"loc":{"start":{"line":89,"column":2},"end":{"line":101,"column":3}},"line":89},"5":{"name":"calcPosition","decl":{"start":{"line":106,"column":2},"end":{"line":137,"column":3}},"loc":{"start":{"line":106,"column":2},"end":{"line":137,"column":3}},"line":106},"6":{"name":"hideOtherChildMenu","decl":{"start":{"line":139,"column":2},"end":{"line":142,"column":3}},"loc":{"start":{"line":139,"column":2},"end":{"line":142,"column":3}},"line":139}},"f":{"0":18,"1":18,"2":0,"3":1,"4":1,"5":1,"6":1}}
,"D:\\mycode\\ja-context-menu\\src\\Panel.ts": {"path":"D:\\mycode\\ja-context-menu\\src\\Panel.ts","all":false,"statementMap":{"0":{"start":{"line":1,"column":0},"end":{"line":1,"column":3}},"16":{"start":{"line":17,"column":0},"end":{"line":17,"column":31}},"17":{"start":{"line":18,"column":0},"end":{"line":18,"column":14}},"18":{"start":{"line":19,"column":0},"end":{"line":19,"column":20}},"19":{"start":{"line":20,"column":0},"end":{"line":20,"column":16}},"20":{"start":{"line":21,"column":0},"end":{"line":21,"column":18}},"27":{"start":{"line":28,"column":0},"end":{"line":28,"column":28}},"28":{"start":{"line":29,"column":0},"end":{"line":29,"column":32}},"32":{"start":{"line":33,"column":0},"end":{"line":33,"column":13}},"35":{"start":{"line":36,"column":0},"end":{"line":36,"column":42}},"36":{"start":{"line":37,"column":0},"end":{"line":37,"column":35}},"37":{"start":{"line":38,"column":0},"end":{"line":38,"column":41}},"38":{"start":{"line":39,"column":0},"end":{"line":39,"column":54}},"39":{"start":{"line":40,"column":0},"end":{"line":40,"column":49}},"40":{"start":{"line":41,"column":0},"end":{"line":41,"column":5}},"41":{"start":{"line":42,"column":0},"end":{"line":42,"column":47}},"42":{"start":{"line":43,"column":0},"end":{"line":43,"column":20}},"43":{"start":{"line":44,"column":0},"end":{"line":44,"column":28}},"44":{"start":{"line":45,"column":0},"end":{"line":45,"column":3}},"46":{"start":{"line":47,"column":0},"end":{"line":47,"column":14}},"47":{"start":{"line":48,"column":0},"end":{"line":48,"column":45}},"48":{"start":{"line":49,"column":0},"end":{"line":49,"column":14}},"49":{"start":{"line":50,"column":0},"end":{"line":50,"column":55}},"50":{"start":{"line":51,"column":0},"end":{"line":51,"column":41}},"51":{"start":{"line":52,"column":0},"end":{"line":52,"column":52}},"52":{"start":{"line":53,"column":0},"end":{"line":53,"column":8}},"53":{"start":{"line":54,"column":0},"end":{"line":54,"column":26}},"54":{"start":{"line":55,"column":0},"end":{"line":55,"column":7}},"55":{"start":{"line":56,"column":0},"end":{"line":56,"column":3}},"57":{"start":{"line":58,"column":0},"end":{"line":58,"column":30}},"58":{"start":{"line":59,"column":0},"end":{"line":59,"column":61}},"59":{"start":{"line":60,"column":0},"end":{"line":60,"column":67}},"60":{"start":{"line":61,"column":0},"end":{"line":61,"column":3}},"62":{"start":{"line":63,"column":0},"end":{"line":63,"column":37}},"63":{"start":{"line":64,"column":0},"end":{"line":64,"column":23}},"64":{"start":{"line":65,"column":0},"end":{"line":65,"column":24}},"65":{"start":{"line":66,"column":0},"end":{"line":66,"column":3}},"69":{"start":{"line":70,"column":0},"end":{"line":70,"column":43}},"70":{"start":{"line":71,"column":0},"end":{"line":71,"column":34}},"71":{"start":{"line":72,"column":0},"end":{"line":72,"column":25}},"72":{"start":{"line":73,"column":0},"end":{"line":73,"column":74}},"73":{"start":{"line":74,"column":0},"end":{"line":74,"column":5}},"74":{"start":{"line":75,"column":0},"end":{"line":75,"column":19}},"75":{"start":{"line":76,"column":0},"end":{"line":76,"column":49}},"76":{"start":{"line":77,"column":0},"end":{"line":77,"column":5}},"77":{"start":{"line":78,"column":0},"end":{"line":78,"column":37}},"78":{"start":{"line":79,"column":0},"end":{"line":79,"column":52}},"79":{"start":{"line":80,"column":0},"end":{"line":80,"column":57}},"80":{"start":{"line":81,"column":0},"end":{"line":81,"column":12}},"81":{"start":{"line":82,"column":0},"end":{"line":82,"column":15}},"82":{"start":{"line":83,"column":0},"end":{"line":83,"column":6}},"83":{"start":{"line":84,"column":0},"end":{"line":84,"column":3}},"87":{"start":{"line":88,"column":0},"end":{"line":88,"column":59}},"88":{"start":{"line":89,"column":0},"end":{"line":89,"column":43}},"89":{"start":{"line":90,"column":0},"end":{"line":90,"column":39}},"90":{"start":{"line":91,"column":0},"end":{"line":91,"column":62}},"91":{"start":{"line":92,"column":0},"end":{"line":92,"column":25}},"92":{"start":{"line":93,"column":0},"end":{"line":93,"column":23}},"93":{"start":{"line":94,"column":0},"end":{"line":94,"column":21}},"94":{"start":{"line":95,"column":0},"end":{"line":95,"column":113}},"95":{"start":{"line":96,"column":0},"end":{"line":96,"column":35}},"96":{"start":{"line":97,"column":0},"end":{"line":97,"column":34}},"97":{"start":{"line":98,"column":0},"end":{"line":98,"column":34}},"98":{"start":{"line":99,"column":0},"end":{"line":99,"column":5}},"99":{"start":{"line":100,"column":0},"end":{"line":100,"column":49}},"101":{"start":{"line":102,"column":0},"end":{"line":102,"column":22}},"102":{"start":{"line":103,"column":0},"end":{"line":103,"column":36}},"103":{"start":{"line":104,"column":0},"end":{"line":104,"column":46}},"104":{"start":{"line":105,"column":0},"end":{"line":105,"column":7}},"105":{"start":{"line":106,"column":0},"end":{"line":106,"column":5}},"106":{"start":{"line":107,"column":0},"end":{"line":107,"column":50}},"108":{"start":{"line":109,"column":0},"end":{"line":109,"column":38}},"109":{"start":{"line":110,"column":0},"end":{"line":110,"column":47}},"110":{"start":{"line":111,"column":0},"end":{"line":111,"column":45}},"111":{"start":{"line":112,"column":0},"end":{"line":112,"column":7}},"112":{"start":{"line":113,"column":0},"end":{"line":113,"column":5}},"113":{"start":{"line":114,"column":0},"end":{"line":114,"column":48}},"115":{"start":{"line":116,"column":0},"end":{"line":116,"column":23}},"116":{"start":{"line":117,"column":0},"end":{"line":117,"column":41}},"117":{"start":{"line":118,"column":0},"end":{"line":118,"column":47}},"118":{"start":{"line":119,"column":0},"end":{"line":119,"column":7}},"119":{"start":{"line":120,"column":0},"end":{"line":120,"column":5}},"120":{"start":{"line":121,"column":0},"end":{"line":121,"column":51}},"122":{"start":{"line":123,"column":0},"end":{"line":123,"column":54}},"123":{"start":{"line":124,"column":0},"end":{"line":124,"column":38}},"124":{"start":{"line":125,"column":0},"end":{"line":125,"column":44}},"125":{"start":{"line":126,"column":0},"end":{"line":126,"column":7}},"126":{"start":{"line":127,"column":0},"end":{"line":127,"column":5}},"127":{"start":{"line":128,"column":0},"end":{"line":128,"column":30}},"128":{"start":{"line":129,"column":0},"end":{"line":129,"column":3}},"132":{"start":{"line":133,"column":0},"end":{"line":133,"column":10}},"133":{"start":{"line":134,"column":0},"end":{"line":134,"column":35}},"134":{"start":{"line":135,"column":0},"end":{"line":135,"column":3}},"136":{"start":{"line":137,"column":0},"end":{"line":137,"column":13}},"137":{"start":{"line":138,"column":0},"end":{"line":138,"column":25}},"138":{"start":{"line":139,"column":0},"end":{"line":139,"column":63}},"139":{"start":{"line":140,"column":0},"end":{"line":140,"column":69}},"140":{"start":{"line":141,"column":0},"end":{"line":141,"column":21}},"141":{"start":{"line":142,"column":0},"end":{"line":142,"column":19}},"142":{"start":{"line":143,"column":0},"end":{"line":143,"column":3}},"143":{"start":{"line":144,"column":0},"end":{"line":144,"column":1}}},"s":{"0":1,"16":1,"17":1,"18":1,"19":1,"20":1,"27":1,"28":1,"32":1,"35":1,"36":19,"37":19,"38":19,"39":0,"40":0,"41":19,"42":19,"43":19,"44":19,"46":1,"47":19,"48":19,"49":19,"50":19,"51":19,"52":19,"53":19,"54":19,"55":19,"57":1,"58":19,"59":19,"60":19,"62":1,"63":0,"64":0,"65":0,"69":1,"70":17,"71":0,"72":0,"73":0,"74":17,"75":0,"76":0,"77":17,"78":17,"79":17,"80":17,"81":17,"82":17,"83":17,"87":1,"88":17,"89":17,"90":17,"91":17,"92":17,"93":17,"94":17,"95":17,"96":0,"97":0,"98":0,"99":17,"101":0,"102":0,"103":0,"104":0,"105":0,"106":17,"108":17,"109":0,"110":0,"111":0,"112":17,"113":17,"115":0,"116":0,"117":0,"118":0,"119":0,"120":17,"122":17,"123":0,"124":0,"125":0,"126":17,"127":17,"128":17,"132":1,"133":20,"134":20,"136":1,"137":11,"138":11,"139":11,"140":11,"141":11,"142":11,"143":1},"branchMap":{"0":{"type":"branch","line":17,"loc":{"start":{"line":17,"column":7},"end":{"line":17,"column":31}},"locations":[{"start":{"line":17,"column":7},"end":{"line":17,"column":31}}]},"1":{"type":"branch","line":36,"loc":{"start":{"line":36,"column":2},"end":{"line":45,"column":3}},"locations":[{"start":{"line":36,"column":2},"end":{"line":45,"column":3}}]},"2":{"type":"branch","line":38,"loc":{"start":{"line":38,"column":22},"end":{"line":38,"column":41}},"locations":[{"start":{"line":38,"column":22},"end":{"line":38,"column":41}}]},"3":{"type":"branch","line":39,"loc":{"start":{"line":39,"column":20},"end":{"line":39,"column":43}},"locations":[{"start":{"line":39,"column":20},"end":{"line":39,"column":43}}]},"4":{"type":"branch","line":39,"loc":{"start":{"line":39,"column":53},"end":{"line":41,"column":5}},"locations":[{"start":{"line":39,"column":53},"end":{"line":41,"column":5}}]},"5":{"type":"branch","line":47,"loc":{"start":{"line":47,"column":2},"end":{"line":56,"column":3}},"locations":[{"start":{"line":47,"column":2},"end":{"line":56,"column":3}}]},"6":{"type":"branch","line":50,"loc":{"start":{"line":50,"column":20},"end":{"line":50,"column":48}},"locations":[{"start":{"line":50,"column":20},"end":{"line":50,"column":48}}]},"7":{"type":"branch","line":50,"loc":{"start":{"line":50,"column":41},"end":{"line":50,"column":55}},"locations":[{"start":{"line":50,"column":41},"end":{"line":50,"column":55}}]},"8":{"type":"branch","line":51,"loc":{"start":{"line":51,"column":21},"end":{"line":51,"column":41}},"locations":[{"start":{"line":51,"column":21},"end":{"line":51,"column":41}}]},"9":{"type":"branch","line":52,"loc":{"start":{"line":52,"column":23},"end":{"line":52,"column":52}},"locations":[{"start":{"line":52,"column":23},"end":{"line":52,"column":52}}]},"10":{"type":"branch","line":58,"loc":{"start":{"line":58,"column":10},"end":{"line":61,"column":3}},"locations":[{"start":{"line":58,"column":10},"end":{"line":61,"column":3}}]},"11":{"type":"branch","line":70,"loc":{"start":{"line":70,"column":2},"end":{"line":84,"column":3}},"locations":[{"start":{"line":70,"column":2},"end":{"line":84,"column":3}}]},"12":{"type":"branch","line":71,"loc":{"start":{"line":71,"column":33},"end":{"line":74,"column":5}},"locations":[{"start":{"line":71,"column":33},"end":{"line":74,"column":5}}]},"13":{"type":"branch","line":75,"loc":{"start":{"line":75,"column":18},"end":{"line":77,"column":5}},"locations":[{"start":{"line":75,"column":18},"end":{"line":77,"column":5}}]},"14":{"type":"branch","line":88,"loc":{"start":{"line":88,"column":2},"end":{"line":129,"column":3}},"locations":[{"start":{"line":88,"column":2},"end":{"line":129,"column":3}}]},"15":{"type":"branch","line":89,"loc":{"start":{"line":89,"column":18},"end":{"line":89,"column":43}},"locations":[{"start":{"line":89,"column":18},"end":{"line":89,"column":43}}]},"16":{"type":"branch","line":96,"loc":{"start":{"line":96,"column":10},"end":{"line":96,"column":31}},"locations":[{"start":{"line":96,"column":10},"end":{"line":96,"column":31}}]},"17":{"type":"branch","line":96,"loc":{"start":{"line":96,"column":34},"end":{"line":99,"column":5}},"locations":[{"start":{"line":96,"column":34},"end":{"line":99,"column":5}}]},"18":{"type":"branch","line":100,"loc":{"start":{"line":100,"column":48},"end":{"line":106,"column":5}},"locations":[{"start":{"line":100,"column":48},"end":{"line":106,"column":5}}]},"19":{"type":"branch","line":109,"loc":{"start":{"line":109,"column":37},"end":{"line":112,"column":7}},"locations":[{"start":{"line":109,"column":37},"end":{"line":112,"column":7}}]},"20":{"type":"branch","line":114,"loc":{"start":{"line":114,"column":47},"end":{"line":120,"column":5}},"locations":[{"start":{"line":114,"column":47},"end":{"line":120,"column":5}}]},"21":{"type":"branch","line":123,"loc":{"start":{"line":123,"column":30},"end":{"line":123,"column":53}},"locations":[{"start":{"line":123,"column":30},"end":{"line":123,"column":53}}]},"22":{"type":"branch","line":123,"loc":{"start":{"line":123,"column":53},"end":{"line":126,"column":7}},"locations":[{"start":{"line":123,"column":53},"end":{"line":126,"column":7}}]},"23":{"type":"branch","line":133,"loc":{"start":{"line":133,"column":2},"end":{"line":135,"column":3}},"locations":[{"start":{"line":133,"column":2},"end":{"line":135,"column":3}}]},"24":{"type":"branch","line":137,"loc":{"start":{"line":137,"column":2},"end":{"line":143,"column":3}},"locations":[{"start":{"line":137,"column":2},"end":{"line":143,"column":3}}]},"25":{"type":"branch","line":138,"loc":{"start":{"line":138,"column":18},"end":{"line":138,"column":25}},"locations":[{"start":{"line":138,"column":18},"end":{"line":138,"column":25}}]}},"b":{"0":[1],"1":[19],"2":[18],"3":[18],"4":[0],"5":[19],"6":[18],"7":[1],"8":[18],"9":[18],"10":[19],"11":[17],"12":[0],"13":[0],"14":[17],"15":[0],"16":[0],"17":[0],"18":[0],"19":[0],"20":[0],"21":[0],"22":[0],"23":[20],"24":[11],"25":[0]},"fnMap":{"0":{"name":"Panel","decl":{"start":{"line":36,"column":2},"end":{"line":45,"column":3}},"loc":{"start":{"line":36,"column":2},"end":{"line":45,"column":3}},"line":36},"1":{"name":"createEl","decl":{"start":{"line":47,"column":2},"end":{"line":56,"column":3}},"loc":{"start":{"line":47,"column":2},"end":{"line":56,"column":3}},"line":47},"2":{"name":"addEventListener","decl":{"start":{"line":58,"column":10},"end":{"line":61,"column":3}},"loc":{"start":{"line":58,"column":10},"end":{"line":61,"column":3}},"line":58},"3":{"name":"eventListenerCb","decl":{"start":{"line":63,"column":10},"end":{"line":66,"column":3}},"loc":{"start":{"line":63,"column":10},"end":{"line":66,"column":3}},"line":63},"4":{"name":"show","decl":{"start":{"line":70,"column":2},"end":{"line":84,"column":3}},"loc":{"start":{"line":70,"column":2},"end":{"line":84,"column":3}},"line":70},"5":{"name":"calcPosition","decl":{"start":{"line":88,"column":2},"end":{"line":129,"column":3}},"loc":{"start":{"line":88,"column":2},"end":{"line":129,"column":3}},"line":88},"6":{"name":"hide","decl":{"start":{"line":133,"column":2},"end":{"line":135,"column":3}},"loc":{"start":{"line":133,"column":2},"end":{"line":135,"column":3}},"line":133},"7":{"name":"destroy","decl":{"start":{"line":137,"column":2},"end":{"line":143,"column":3}},"loc":{"start":{"line":137,"column":2},"end":{"line":143,"column":3}},"line":137}},"f":{"0":19,"1":19,"2":19,"3":0,"4":17,"5":17,"6":20,"7":11}}
,"D:\\mycode\\ja-context-menu\\src\\config.ts": {"path":"D:\\mycode\\ja-context-menu\\src\\config.ts","all":false,"statementMap":{"0":{"start":{"line":1,"column":0},"end":{"line":1,"column":16}},"1":{"start":{"line":2,"column":0},"end":{"line":2,"column":29}},"2":{"start":{"line":3,"column":0},"end":{"line":3,"column":34}},"3":{"start":{"line":4,"column":0},"end":{"line":4,"column":25}},"4":{"start":{"line":5,"column":0},"end":{"line":5,"column":33}},"6":{"start":{"line":7,"column":0},"end":{"line":7,"column":12}},"8":{"start":{"line":9,"column":0},"end":{"line":9,"column":12}},"10":{"start":{"line":11,"column":0},"end":{"line":11,"column":38}},"12":{"start":{"line":13,"column":0},"end":{"line":13,"column":13}},"13":{"start":{"line":14,"column":0},"end":{"line":14,"column":2}}},"s":{"0":1,"1":1,"2":1,"3":1,"4":1,"6":1,"8":1,"10":1,"12":1,"13":1},"branchMap":{},"b":{},"fnMap":{},"f":{}}
,"D:\\mycode\\ja-context-menu\\src\\index.ts": {"path":"D:\\mycode\\ja-context-menu\\src\\index.ts","all":false,"statementMap":{"0":{"start":{"line":1,"column":0},"end":{"line":1,"column":40}}},"s":{"0":1},"branchMap":{},"b":{},"fnMap":{},"f":{}}
,"D:\\mycode\\ja-context-menu\\src\\style.ts": {"path":"D:\\mycode\\ja-context-menu\\src\\style.ts","all":false,"statementMap":{"0":{"start":{"line":1,"column":0},"end":{"line":1,"column":30}},"2":{"start":{"line":3,"column":0},"end":{"line":3,"column":33}},"3":{"start":{"line":4,"column":0},"end":{"line":4,"column":50}},"6":{"start":{"line":7,"column":0},"end":{"line":7,"column":24}},"12":{"start":{"line":13,"column":0},"end":{"line":13,"column":28}},"14":{"start":{"line":15,"column":0},"end":{"line":15,"column":29}},"17":{"start":{"line":18,"column":0},"end":{"line":18,"column":31}},"23":{"start":{"line":24,"column":0},"end":{"line":24,"column":39}},"24":{"start":{"line":25,"column":0},"end":{"line":25,"column":26}},"28":{"start":{"line":29,"column":0},"end":{"line":29,"column":35}},"34":{"start":{"line":35,"column":0},"end":{"line":35,"column":49}},"38":{"start":{"line":39,"column":0},"end":{"line":39,"column":30}},"48":{"start":{"line":49,"column":0},"end":{"line":49,"column":36}},"49":{"start":{"line":50,"column":0},"end":{"line":50,"column":41}},"53":{"start":{"line":54,"column":0},"end":{"line":54,"column":38}},"57":{"start":{"line":58,"column":0},"end":{"line":58,"column":45}},"64":{"start":{"line":65,"column":0},"end":{"line":65,"column":47}},"69":{"start":{"line":70,"column":0},"end":{"line":70,"column":45}},"72":{"start":{"line":73,"column":0},"end":{"line":73,"column":63}},"73":{"start":{"line":74,"column":0},"end":{"line":74,"column":59}},"76":{"start":{"line":77,"column":0},"end":{"line":77,"column":43}},"83":{"start":{"line":84,"column":0},"end":{"line":84,"column":48}}},"s":{"0":1,"2":1,"3":19,"6":19,"12":19,"14":19,"17":19,"23":1,"24":17,"28":17,"34":17,"38":17,"48":17,"49":17,"53":17,"57":17,"64":17,"69":17,"72":17,"73":17,"76":17,"83":17},"branchMap":{"0":{"type":"branch","line":3,"loc":{"start":{"line":3,"column":26},"end":{"line":18,"column":31}},"locations":[{"start":{"line":3,"column":26},"end":{"line":18,"column":31}}]},"1":{"type":"branch","line":24,"loc":{"start":{"line":24,"column":32},"end":{"line":84,"column":48}},"locations":[{"start":{"line":24,"column":32},"end":{"line":84,"column":48}}]}},"b":{"0":[19],"1":[17]},"fnMap":{"0":{"name":"panelStyle","decl":{"start":{"line":3,"column":26},"end":{"line":18,"column":31}},"loc":{"start":{"line":3,"column":26},"end":{"line":18,"column":31}},"line":3},"1":{"name":"contextMenuStyle","decl":{"start":{"line":24,"column":32},"end":{"line":84,"column":48}},"loc":{"start":{"line":24,"column":32},"end":{"line":84,"column":48}},"line":24}},"f":{"0":19,"1":17}}
,"D:\\mycode\\ja-context-menu\\src\\types\\ContextMenuOption.ts": {"path":"D:\\mycode\\ja-context-menu\\src\\types\\ContextMenuOption.ts","all":true,"statementMap":{},"s":{},"branchMap":{"0":{"type":"branch","line":1,"loc":{"start":{"line":1,"column":382},"end":{"line":12,"column":2}},"locations":[{"start":{"line":1,"column":382},"end":{"line":12,"column":2}}]}},"b":{"0":[1]},"fnMap":{"0":{"name":"(empty-report)","decl":{"start":{"line":1,"column":382},"end":{"line":12,"column":2}},"loc":{"start":{"line":1,"column":382},"end":{"line":12,"column":2}},"line":1}},"f":{"0":1}}
,"D:\\mycode\\ja-context-menu\\src\\types\\MenuItemOption.ts": {"path":"D:\\mycode\\ja-context-menu\\src\\types\\MenuItemOption.ts","all":true,"statementMap":{},"s":{},"branchMap":{"0":{"type":"branch","line":1,"loc":{"start":{"line":1,"column":1191},"end":{"line":40,"column":1}},"locations":[{"start":{"line":1,"column":1191},"end":{"line":40,"column":1}}]}},"b":{"0":[1]},"fnMap":{"0":{"name":"(empty-report)","decl":{"start":{"line":1,"column":1191},"end":{"line":40,"column":1}},"loc":{"start":{"line":1,"column":1191},"end":{"line":40,"column":1}},"line":1}},"f":{"0":1}}
,"D:\\mycode\\ja-context-menu\\src\\types\\MenuOption.ts": {"path":"D:\\mycode\\ja-context-menu\\src\\types\\MenuOption.ts","all":true,"statementMap":{},"s":{},"branchMap":{"0":{"type":"branch","line":1,"loc":{"start":{"line":1,"column":362},"end":{"line":11,"column":2}},"locations":[{"start":{"line":1,"column":362},"end":{"line":11,"column":2}}]}},"b":{"0":[1]},"fnMap":{"0":{"name":"(empty-report)","decl":{"start":{"line":1,"column":362},"end":{"line":11,"column":2}},"loc":{"start":{"line":1,"column":362},"end":{"line":11,"column":2}},"line":1}},"f":{"0":1}}
,"D:\\mycode\\ja-context-menu\\src\\types\\common.ts": {"path":"D:\\mycode\\ja-context-menu\\src\\types\\common.ts","all":true,"statementMap":{},"s":{},"branchMap":{"0":{"type":"branch","line":1,"loc":{"start":{"line":1,"column":99},"end":{"line":2,"column":49}},"locations":[{"start":{"line":1,"column":99},"end":{"line":2,"column":49}}]}},"b":{"0":[1]},"fnMap":{"0":{"name":"(empty-report)","decl":{"start":{"line":1,"column":99},"end":{"line":2,"column":49}},"loc":{"start":{"line":1,"column":99},"end":{"line":2,"column":49}},"line":1}},"f":{"0":1}}
,"D:\\mycode\\ja-context-menu\\src\\utils\\h.ts": {"path":"D:\\mycode\\ja-context-menu\\src\\utils\\h.ts","all":false,"statementMap":{"20":{"start":{"line":21,"column":0},"end":{"line":21,"column":128}},"22":{"start":{"line":23,"column":0},"end":{"line":23,"column":41}},"23":{"start":{"line":24,"column":0},"end":{"line":24,"column":48}},"24":{"start":{"line":25,"column":0},"end":{"line":25,"column":29}},"27":{"start":{"line":28,"column":0},"end":{"line":28,"column":37}},"29":{"start":{"line":30,"column":0},"end":{"line":30,"column":72}},"30":{"start":{"line":31,"column":0},"end":{"line":31,"column":61}},"32":{"start":{"line":33,"column":0},"end":{"line":33,"column":51}},"33":{"start":{"line":34,"column":0},"end":{"line":34,"column":39}},"35":{"start":{"line":36,"column":0},"end":{"line":36,"column":29}},"36":{"start":{"line":37,"column":0},"end":{"line":37,"column":21}},"37":{"start":{"line":38,"column":0},"end":{"line":38,"column":59}},"38":{"start":{"line":39,"column":0},"end":{"line":39,"column":31}},"39":{"start":{"line":40,"column":0},"end":{"line":40,"column":51}},"43":{"start":{"line":44,"column":0},"end":{"line":44,"column":30}},"44":{"start":{"line":45,"column":0},"end":{"line":45,"column":30}},"46":{"start":{"line":47,"column":0},"end":{"line":47,"column":35}},"47":{"start":{"line":48,"column":0},"end":{"line":48,"column":9}},"48":{"start":{"line":49,"column":0},"end":{"line":49,"column":74}},"49":{"start":{"line":50,"column":0},"end":{"line":50,"column":68}},"50":{"start":{"line":51,"column":0},"end":{"line":51,"column":14}},"51":{"start":{"line":52,"column":0},"end":{"line":52,"column":33}},"52":{"start":{"line":53,"column":0},"end":{"line":53,"column":7}},"53":{"start":{"line":54,"column":0},"end":{"line":54,"column":5}},"54":{"start":{"line":55,"column":0},"end":{"line":55,"column":70}},"55":{"start":{"line":56,"column":0},"end":{"line":56,"column":37}},"56":{"start":{"line":57,"column":0},"end":{"line":57,"column":3}},"58":{"start":{"line":59,"column":0},"end":{"line":59,"column":55}},"60":{"start":{"line":61,"column":0},"end":{"line":61,"column":17}},"61":{"start":{"line":62,"column":0},"end":{"line":62,"column":31}},"62":{"start":{"line":63,"column":0},"end":{"line":63,"column":25}},"64":{"start":{"line":65,"column":0},"end":{"line":65,"column":64}},"65":{"start":{"line":66,"column":0},"end":{"line":66,"column":63}},"66":{"start":{"line":67,"column":0},"end":{"line":67,"column":7}},"67":{"start":{"line":68,"column":0},"end":{"line":68,"column":3}},"69":{"start":{"line":70,"column":0},"end":{"line":70,"column":14}},"70":{"start":{"line":71,"column":0},"end":{"line":71,"column":1}}},"s":{"20":94,"22":94,"23":94,"24":94,"27":94,"29":94,"30":94,"32":94,"33":94,"35":94,"36":1,"37":94,"38":74,"39":180,"43":36,"44":36,"46":74,"47":74,"48":180,"49":54,"50":144,"51":90,"52":90,"53":180,"54":93,"55":1,"56":1,"58":94,"60":94,"61":18,"62":69,"64":21,"65":0,"66":18,"67":18,"69":94,"70":94},"branchMap":{"0":{"type":"branch","line":21,"loc":{"start":{"line":21,"column":0},"end":{"line":71,"column":1}},"locations":[{"start":{"line":21,"column":0},"end":{"line":71,"column":1}}]},"1":{"type":"branch","line":24,"loc":{"start":{"line":24,"column":17},"end":{"line":24,"column":48}},"locations":[{"start":{"line":24,"column":17},"end":{"line":24,"column":48}}]},"2":{"type":"branch","line":30,"loc":{"start":{"line":30,"column":51},"end":{"line":30,"column":72}},"locations":[{"start":{"line":30,"column":51},"end":{"line":30,"column":72}}]},"3":{"type":"branch","line":34,"loc":{"start":{"line":34,"column":10},"end":{"line":34,"column":39}},"locations":[{"start":{"line":34,"column":10},"end":{"line":34,"column":39}}]},"4":{"type":"branch","line":36,"loc":{"start":{"line":36,"column":28},"end":{"line":38,"column":13}},"locations":[{"start":{"line":36,"column":28},"end":{"line":38,"column":13}}]},"5":{"type":"branch","line":38,"loc":{"start":{"line":38,"column":2},"end":{"line":57,"column":3}},"locations":[{"start":{"line":38,"column":2},"end":{"line":57,"column":3}}]},"6":{"type":"branch","line":38,"loc":{"start":{"line":38,"column":30},"end":{"line":38,"column":58}},"locations":[{"start":{"line":38,"column":30},"end":{"line":38,"column":58}}]},"7":{"type":"branch","line":38,"loc":{"start":{"line":38,"column":58},"end":{"line":55,"column":13}},"locations":[{"start":{"line":38,"column":58},"end":{"line":55,"column":13}}]},"8":{"type":"branch","line":39,"loc":{"start":{"line":39,"column":30},"end":{"line":54,"column":5}},"locations":[{"start":{"line":39,"column":30},"end":{"line":54,"column":5}}]},"9":{"type":"branch","line":40,"loc":{"start":{"line":40,"column":19},"end":{"line":40,"column":50}},"locations":[{"start":{"line":40,"column":19},"end":{"line":40,"column":50}}]},"10":{"type":"branch","line":40,"loc":{"start":{"line":40,"column":50},"end":{"line":49,"column":17}},"locations":[{"start":{"line":40,"column":50},"end":{"line":49,"column":17}}]},"11":{"type":"branch","line":45,"loc":{"start":{"line":45,"column":29},"end":{"line":48,"column":9}},"locations":[{"start":{"line":45,"column":29},"end":{"line":48,"column":9}}]},"12":{"type":"branch","line":49,"loc":{"start":{"line":49,"column":6},"end":{"line":53,"column":7}},"locations":[{"start":{"line":49,"column":6},"end":{"line":53,"column":7}}]},"13":{"type":"branch","line":49,"loc":{"start":{"line":49,"column":26},"end":{"line":49,"column":73}},"locations":[{"start":{"line":49,"column":26},"end":{"line":49,"column":73}}]},"14":{"type":"branch","line":49,"loc":{"start":{"line":49,"column":73},"end":{"line":51,"column":13}},"locations":[{"start":{"line":49,"column":73},"end":{"line":51,"column":13}}]},"15":{"type":"branch","line":51,"loc":{"start":{"line":51,"column":6},"end":{"line":53,"column":7}},"locations":[{"start":{"line":51,"column":6},"end":{"line":53,"column":7}}]},"16":{"type":"branch","line":55,"loc":{"start":{"line":55,"column":2},"end":{"line":57,"column":3}},"locations":[{"start":{"line":55,"column":2},"end":{"line":57,"column":3}}]},"17":{"type":"branch","line":55,"loc":{"start":{"line":55,"column":30},"end":{"line":55,"column":69}},"locations":[{"start":{"line":55,"column":30},"end":{"line":55,"column":69}}]},"18":{"type":"branch","line":55,"loc":{"start":{"line":55,"column":69},"end":{"line":57,"column":3}},"locations":[{"start":{"line":55,"column":69},"end":{"line":57,"column":3}}]},"19":{"type":"branch","line":59,"loc":{"start":{"line":59,"column":23},"end":{"line":59,"column":55}},"locations":[{"start":{"line":59,"column":23},"end":{"line":59,"column":55}}]},"20":{"type":"branch","line":61,"loc":{"start":{"line":61,"column":16},"end":{"line":68,"column":3}},"locations":[{"start":{"line":61,"column":16},"end":{"line":68,"column":3}}]},"21":{"type":"branch","line":31,"loc":{"start":{"line":31,"column":38},"end":{"line":31,"column":59}},"locations":[{"start":{"line":31,"column":38},"end":{"line":31,"column":59}}]},"22":{"type":"branch","line":62,"loc":{"start":{"line":62,"column":21},"end":{"line":67,"column":5}},"locations":[{"start":{"line":62,"column":21},"end":{"line":67,"column":5}}]},"23":{"type":"branch","line":63,"loc":{"start":{"line":63,"column":18},"end":{"line":63,"column":25}},"locations":[{"start":{"line":63,"column":18},"end":{"line":63,"column":25}}]},"24":{"type":"branch","line":63,"loc":{"start":{"line":63,"column":18},"end":{"line":65,"column":64}},"locations":[{"start":{"line":63,"column":18},"end":{"line":65,"column":64}}]},"25":{"type":"branch","line":65,"loc":{"start":{"line":65,"column":62},"end":{"line":66,"column":63}},"locations":[{"start":{"line":65,"column":62},"end":{"line":66,"column":63}}]}},"b":{"0":[94],"1":[0],"2":[37],"3":[2],"4":[1],"5":[93],"6":[74],"7":[74],"8":[180],"9":[144],"10":[36],"11":[74],"12":[144],"13":[54],"14":[54],"15":[90],"16":[19],"17":[18],"18":[1],"19":[77],"20":[18],"21":[57],"22":[69],"23":[48],"24":[21],"25":[0]},"fnMap":{"0":{"name":"h","decl":{"start":{"line":21,"column":0},"end":{"line":71,"column":1}},"loc":{"start":{"line":21,"column":0},"end":{"line":71,"column":1}},"line":21}},"f":{"0":94}}
,"D:\\mycode\\ja-context-menu\\src\\utils\\utils.ts": {"path":"D:\\mycode\\ja-context-menu\\src\\utils\\utils.ts","all":false,"statementMap":{"0":{"start":{"line":1,"column":0},"end":{"line":1,"column":42}},"16":{"start":{"line":17,"column":0},"end":{"line":17,"column":33}},"17":{"start":{"line":18,"column":0},"end":{"line":18,"column":20}},"19":{"start":{"line":20,"column":0},"end":{"line":20,"column":45}},"20":{"start":{"line":21,"column":0},"end":{"line":21,"column":37}},"21":{"start":{"line":22,"column":0},"end":{"line":22,"column":63}},"22":{"start":{"line":23,"column":0},"end":{"line":23,"column":47}},"23":{"start":{"line":24,"column":0},"end":{"line":24,"column":47}},"24":{"start":{"line":25,"column":0},"end":{"line":25,"column":24}},"25":{"start":{"line":26,"column":0},"end":{"line":26,"column":19}},"26":{"start":{"line":27,"column":0},"end":{"line":27,"column":35}},"27":{"start":{"line":28,"column":0},"end":{"line":28,"column":37}},"28":{"start":{"line":29,"column":0},"end":{"line":29,"column":22}},"29":{"start":{"line":30,"column":0},"end":{"line":30,"column":23}},"30":{"start":{"line":31,"column":0},"end":{"line":31,"column":6}},"31":{"start":{"line":32,"column":0},"end":{"line":32,"column":19}},"32":{"start":{"line":33,"column":0},"end":{"line":33,"column":22}},"33":{"start":{"line":34,"column":0},"end":{"line":34,"column":5}},"34":{"start":{"line":35,"column":0},"end":{"line":35,"column":3}},"35":{"start":{"line":36,"column":0},"end":{"line":36,"column":26}},"36":{"start":{"line":37,"column":0},"end":{"line":37,"column":1}},"38":{"start":{"line":39,"column":0},"end":{"line":39,"column":41}},"39":{"start":{"line":40,"column":0},"end":{"line":40,"column":17}},"40":{"start":{"line":41,"column":0},"end":{"line":41,"column":3}},"45":{"start":{"line":46,"column":0},"end":{"line":46,"column":85}},"46":{"start":{"line":47,"column":0},"end":{"line":47,"column":65}},"47":{"start":{"line":48,"column":0},"end":{"line":48,"column":1}},"52":{"start":{"line":53,"column":0},"end":{"line":53,"column":63}},"53":{"start":{"line":54,"column":0},"end":{"line":54,"column":45}},"54":{"start":{"line":55,"column":0},"end":{"line":55,"column":15}},"56":{"start":{"line":57,"column":0},"end":{"line":57,"column":33}},"57":{"start":{"line":58,"column":0},"end":{"line":58,"column":29}},"58":{"start":{"line":59,"column":0},"end":{"line":59,"column":7}},"59":{"start":{"line":60,"column":0},"end":{"line":60,"column":58}},"60":{"start":{"line":61,"column":0},"end":{"line":61,"column":19}},"61":{"start":{"line":62,"column":0},"end":{"line":62,"column":69}},"62":{"start":{"line":63,"column":0},"end":{"line":63,"column":12}},"63":{"start":{"line":64,"column":0},"end":{"line":64,"column":39}},"64":{"start":{"line":65,"column":0},"end":{"line":65,"column":5}},"65":{"start":{"line":66,"column":0},"end":{"line":66,"column":3}},"66":{"start":{"line":67,"column":0},"end":{"line":67,"column":1}}},"s":{"0":1,"16":1,"17":1,"19":1,"20":18,"21":1,"22":1,"23":1,"24":1,"25":1,"26":1,"27":1,"28":1,"29":1,"30":1,"31":1,"32":1,"33":1,"34":1,"35":18,"36":18,"38":1,"39":0,"40":0,"45":1,"46":88,"47":88,"52":1,"53":36,"54":36,"56":2,"57":2,"58":2,"59":2,"60":2,"61":0,"62":2,"63":2,"64":2,"65":2,"66":36},"branchMap":{"0":{"type":"branch","line":20,"loc":{"start":{"line":20,"column":7},"end":{"line":37,"column":1}},"locations":[{"start":{"line":20,"column":7},"end":{"line":37,"column":1}}]},"1":{"type":"branch","line":21,"loc":{"start":{"line":21,"column":7},"end":{"line":21,"column":36}},"locations":[{"start":{"line":21,"column":7},"end":{"line":21,"column":36}}]},"2":{"type":"branch","line":21,"loc":{"start":{"line":21,"column":36},"end":{"line":35,"column":3}},"locations":[{"start":{"line":21,"column":36},"end":{"line":35,"column":3}}]},"3":{"type":"branch","line":46,"loc":{"start":{"line":46,"column":7},"end":{"line":48,"column":1}},"locations":[{"start":{"line":46,"column":7},"end":{"line":48,"column":1}}]},"4":{"type":"branch","line":47,"loc":{"start":{"line":47,"column":25},"end":{"line":47,"column":54}},"locations":[{"start":{"line":47,"column":25},"end":{"line":47,"column":54}}]},"5":{"type":"branch","line":47,"loc":{"start":{"line":47,"column":54},"end":{"line":47,"column":65}},"locations":[{"start":{"line":47,"column":54},"end":{"line":47,"column":65}}]},"6":{"type":"branch","line":53,"loc":{"start":{"line":53,"column":7},"end":{"line":67,"column":1}},"locations":[{"start":{"line":53,"column":7},"end":{"line":67,"column":1}}]},"7":{"type":"branch","line":55,"loc":{"start":{"line":55,"column":14},"end":{"line":66,"column":3}},"locations":[{"start":{"line":55,"column":14},"end":{"line":66,"column":3}}]},"8":{"type":"branch","line":61,"loc":{"start":{"line":61,"column":18},"end":{"line":63,"column":11}},"locations":[{"start":{"line":61,"column":18},"end":{"line":63,"column":11}}]}},"b":{"0":[18],"1":[17],"2":[1],"3":[88],"4":[0],"5":[66],"6":[36],"7":[2],"8":[0]},"fnMap":{"0":{"name":"getWindowSize","decl":{"start":{"line":20,"column":7},"end":{"line":37,"column":1}},"loc":{"start":{"line":20,"column":7},"end":{"line":37,"column":1}},"line":20},"1":{"name":"dealBaseAttr","decl":{"start":{"line":46,"column":7},"end":{"line":48,"column":1}},"loc":{"start":{"line":46,"column":7},"end":{"line":48,"column":1}},"line":46},"2":{"name":"injectCss","decl":{"start":{"line":53,"column":7},"end":{"line":67,"column":1}},"loc":{"start":{"line":53,"column":7},"end":{"line":67,"column":1}},"line":53}},"f":{"0":18,"1":88,"2":36}}
}
